<?xml version="1.0" encoding="UTF-8"?>
<!-- Generated by org.testng.reporters.JUnitReportReporter -->
<testsuite hostname="MININT-QFQJUP2" failures="0" tests="1" name="Automation.SetUp" time="0.007" errors="0" timestamp="2024-06-28T12:20:13 NPT" skipped="0">
  <testcase classname="Automation.SetUp" name="launch" time="0.007"/>
  <system-out/>
</testsuite> <!-- Automation.SetUp -->
